{
  "RSpec": {
    "coverage": {
      "/Users/taylormartin/Desktop/Whats-For-Lunch/spec/controllers/restaurants_controller_spec.rb": [
        1,
        null,
        1,
        null,
        1,
        2,
        2,
        null,
        null,
        1,
        3,
        1,
        1,
        1,
        null,
        null,
        1,
        1,
        1,
        null,
        null,
        null
      ],
      "/Users/taylormartin/Desktop/Whats-For-Lunch/spec/rails_helper.rb": [
        null,
        1,
        1,
        1,
        1,
        null,
        null,
        null,
        null,
        null,
        null,
        null,
        null,
        3,
        null,
        null,
        null,
        1,
        null,
        1,
        null,
        1,
        null,
        null,
        null,
        null,
        1,
        null,
        null,
        null,
        null,
        null,
        null,
        null,
        null,
        null,
        null,
        null,
        null,
        null,
        null,
        1,
        null
      ],
      "/Users/taylormartin/Desktop/Whats-For-Lunch/config/environment.rb": [
        null,
        1,
        null,
        null,
        1
      ],
      "/Users/taylormartin/Desktop/Whats-For-Lunch/config/application.rb": [
        1,
        null,
        1,
        null,
        null,
        null,
        1,
        null,
        1,
        1,
        null,
        null,
        null,
        null,
        null,
        null,
        null,
        null,
        null,
        null,
        null,
        null,
        null
      ],
      "/Users/taylormartin/Desktop/Whats-For-Lunch/config/boot.rb": [
        null,
        1,
        null,
        1
      ],
      "/Users/taylormartin/Desktop/Whats-For-Lunch/config/environments/test.rb": [
        1,
        null,
        null,
        null,
        null,
        null,
        null,
        1,
        null,
        null,
        null,
        null,
        1,
        null,
        null,
        1,
        1,
        null,
        null,
        1,
        1,
        null,
        null,
        1,
        null,
        null,
        1,
        null,
        null,
        null,
        null,
        1,
        null,
        null,
        1,
        null,
        null,
        null,
        null
      ],
      "/Users/taylormartin/Desktop/Whats-For-Lunch/config/initializers/assets.rb": [
        null,
        null,
        null,
        1,
        null,
        null,
        null,
        null
      ],
      "/Users/taylormartin/Desktop/Whats-For-Lunch/config/initializers/backtrace_silencers.rb": [
        null,
        null,
        null,
        null,
        null,
        null,
        null
      ],
      "/Users/taylormartin/Desktop/Whats-For-Lunch/config/initializers/cookies_serializer.rb": [
        null,
        null,
        1
      ],
      "/Users/taylormartin/Desktop/Whats-For-Lunch/config/initializers/devise.rb": [
        null,
        null,
        1,
        null,
        null,
        null,
        null,
        null,
        null,
        null,
        null,
        null,
        1,
        null,
        null,
        null,
        null,
        null,
        null,
        null,
        null,
        1,
        null,
        null,
        null,
        null,
        null,
        null,
        null,
        null,
        null,
        null,
        null,
        null,
        null,
        null,
        null,
        null,
        null,
        null,
        null,
        null,
        null,
        1,
        null,
        null,
        null,
        null,
        1,
        null,
        null,
        null,
        null,
        null,
        null,
        null,
        null,
        null,
        null,
        null,
        null,
        null,
        null,
        null,
        null,
        null,
        null,
        null,
        null,
        null,
        null,
        null,
        null,
        null,
        null,
        null,
        null,
        null,
        null,
        1,
        null,
        null,
        null,
        null,
        null,
        null,
        null,
        null,
        null,
        null,
        null,
        null,
        null,
        null,
        null,
        null,
        1,
        null,
        null,
        null,
        null,
        null,
        null,
        null,
        null,
        null,
        null,
        null,
        null,
        null,
        null,
        null,
        null,
        null,
        null,
        null,
        null,
        null,
        null,
        null,
        null,
        1,
        null,
        null,
        null,
        null,
        null,
        null,
        null,
        null,
        null,
        1,
        null,
        null,
        null,
        null,
        null,
        null,
        null,
        null,
        null,
        null,
        1,
        null,
        null,
        null,
        null,
        null,
        null,
        null,
        null,
        null,
        null,
        null,
        null,
        null,
        null,
        null,
        null,
        null,
        null,
        null,
        null,
        null,
        null,
        null,
        null,
        null,
        null,
        null,
        null,
        null,
        null,
        null,
        null,
        null,
        null,
        null,
        null,
        null,
        null,
        null,
        null,
        null,
        null,
        null,
        null,
        null,
        null,
        null,
        null,
        1,
        null,
        null,
        null,
        null,
        null,
        null,
        null,
        null,
        null,
        null,
        null,
        null,
        null,
        null,
        null,
        null,
        null,
        null,
        null,
        null,
        null,
        null,
        null,
        null,
        null,
        null,
        null,
        null,
        null,
        null,
        null,
        null,
        null,
        null,
        null,
        null,
        null,
        1,
        null,
        null,
        null,
        null,
        null,
        null,
        null,
        null,
        null,
        null,
        null,
        null,
        null,
        null,
        null,
        null,
        null,
        null,
        null,
        null,
        null,
        null,
        null,
        null,
        null,
        null,
        null,
        null,
        null
      ],
      "/Users/taylormartin/Desktop/Whats-For-Lunch/config/initializers/filter_parameter_logging.rb": [
        null,
        null,
        null,
        1
      ],
      "/Users/taylormartin/Desktop/Whats-For-Lunch/config/initializers/inflections.rb": [
        null,
        null,
        null,
        null,
        null,
        null,
        null,
        null,
        null,
        null,
        null,
        null,
        null,
        null,
        null,
        null
      ],
      "/Users/taylormartin/Desktop/Whats-For-Lunch/config/initializers/mime_types.rb": [
        null,
        null,
        null,
        null
      ],
      "/Users/taylormartin/Desktop/Whats-For-Lunch/config/initializers/session_store.rb": [
        null,
        null,
        1
      ],
      "/Users/taylormartin/Desktop/Whats-For-Lunch/config/initializers/wrap_parameters.rb": [
        null,
        null,
        null,
        null,
        null,
        null,
        1,
        1,
        null,
        null,
        null,
        null,
        null,
        null
      ],
      "/Users/taylormartin/Desktop/Whats-For-Lunch/config/routes.rb": [
        1,
        1,
        null,
        1,
        1,
        1,
        null,
        1,
        1,
        null,
        1,
        null
      ],
      "/Users/taylormartin/Desktop/Whats-For-Lunch/app/models/user.rb": [
        null,
        null,
        null,
        null,
        null,
        null,
        null,
        null,
        null,
        null,
        null,
        null,
        null,
        null,
        null,
        null,
        null,
        null,
        null,
        1,
        null,
        null,
        1,
        null,
        null,
        1,
        null,
        1,
        3,
        2,
        1,
        null,
        1,
        null,
        null,
        null,
        null
      ],
      "/Users/taylormartin/Desktop/Whats-For-Lunch/app/helpers/application_helper.rb": [
        1,
        null,
        1,
        null,
        22,
        null,
        22,
        null,
        0,
        null,
        0,
        null,
        null,
        null,
        null
      ],
      "/Users/taylormartin/Desktop/Whats-For-Lunch/spec/support/capybara.rb": [
        1,
        null,
        1,
        1,
        1,
        6,
        6,
        6,
        6,
        6,
        null,
        null,
        null,
        null,
        1,
        1,
        null
      ],
      "/Users/taylormartin/Desktop/Whats-For-Lunch/spec/support/factories.rb": [
        1,
        null,
        1,
        null,
        1,
        null
      ],
      "/Users/taylormartin/Desktop/Whats-For-Lunch/spec/factories/restaurant.rb": [
        1,
        1,
        33,
        null,
        null
      ],
      "/Users/taylormartin/Desktop/Whats-For-Lunch/spec/factories/review.rb": [
        1,
        1,
        1,
        1,
        12,
        null,
        null
      ],
      "/Users/taylormartin/Desktop/Whats-For-Lunch/spec/factories/user.rb": [
        1,
        1,
        22,
        1,
        1,
        null,
        null
      ],
      "/Users/taylormartin/Desktop/Whats-For-Lunch/app/controllers/restaurants_controller.rb": [
        1,
        null,
        1,
        3,
        null,
        null,
        1,
        5,
        null,
        null,
        1,
        2,
        2,
        2,
        null,
        0,
        null,
        null,
        null,
        1,
        0,
        0,
        0,
        0,
        0,
        0,
        0,
        null,
        null,
        null,
        1,
        1,
        1,
        1,
        1,
        null,
        null,
        1,
        null,
        1,
        2,
        null,
        null,
        null
      ],
      "/Users/taylormartin/Desktop/Whats-For-Lunch/app/controllers/application_controller.rb": [
        1,
        null,
        null,
        1,
        1,
        null,
        null
      ],
      "/Users/taylormartin/Desktop/Whats-For-Lunch/spec/controllers/reviews_controller_spec.rb": [
        1,
        null,
        1,
        null,
        1,
        3,
        3,
        3,
        null,
        null,
        1,
        3,
        1,
        1,
        1,
        null,
        null,
        1,
        1,
        1,
        1,
        null,
        null,
        1,
        1,
        1,
        1,
        null,
        null,
        null
      ],
      "/Users/taylormartin/Desktop/Whats-For-Lunch/app/controllers/reviews_controller.rb": [
        1,
        null,
        1,
        4,
        null,
        null,
        1,
        1,
        1,
        null,
        null,
        1,
        2,
        2,
        2,
        2,
        null,
        0,
        null,
        null,
        null,
        1,
        1,
        null,
        null,
        1,
        2,
        2,
        2,
        2,
        2,
        null,
        0,
        null,
        null,
        null,
        1,
        1,
        1,
        1,
        1,
        1,
        1,
        null,
        null,
        1,
        null,
        1,
        2,
        null,
        null,
        1,
        2,
        null,
        null,
        null
      ],
      "/Users/taylormartin/Desktop/Whats-For-Lunch/spec/features/authentication_spec.rb": [
        1,
        null,
        1,
        1,
        1,
        1,
        1,
        null,
        null,
        1,
        1,
        null,
        null,
        null
      ],
      "/Users/taylormartin/Desktop/Whats-For-Lunch/spec/features/restaurant_feature_spec.rb": [
        1,
        null,
        1,
        1,
        2,
        2,
        null,
        null,
        1,
        1,
        1,
        1,
        null,
        1,
        1,
        1,
        null,
        null,
        1,
        1,
        1,
        1,
        1,
        1,
        1,
        null,
        null
      ],
      "/Users/taylormartin/Desktop/Whats-For-Lunch/spec/features/review_feature_spec.rb": [
        1,
        null,
        1,
        1,
        3,
        3,
        3,
        null,
        null,
        1,
        1,
        1,
        1,
        1,
        null,
        1,
        1,
        1,
        null,
        null,
        1,
        1,
        1,
        1,
        1,
        null,
        1,
        1,
        1,
        1,
        null,
        null,
        1,
        1,
        1,
        1,
        1,
        1,
        1,
        null,
        null,
        null
      ],
      "/Users/taylormartin/Desktop/Whats-For-Lunch/spec/models/factories_spec.rb": [
        1,
        null,
        null,
        1,
        1,
        3,
        null,
        null,
        3,
        3,
        3,
        null,
        3,
        null,
        null,
        null,
        null,
        3,
        0,
        0,
        0,
        0,
        0,
        null,
        null,
        null,
        null,
        null,
        null,
        null,
        null
      ],
      "/Users/taylormartin/Desktop/Whats-For-Lunch/spec/models/restaurant_spec.rb": [
        1,
        null,
        1,
        null,
        1,
        1,
        1,
        null,
        null,
        1,
        1,
        6,
        6,
        6,
        1,
        1,
        null,
        null,
        1,
        1,
        1,
        1,
        null,
        null,
        1,
        1,
        1,
        1,
        null,
        null,
        1,
        1,
        1,
        1,
        null,
        null,
        1,
        1,
        1,
        1,
        null,
        null,
        1,
        1,
        1,
        1,
        null,
        null,
        1,
        1,
        1,
        1,
        null,
        null,
        1,
        1,
        1,
        1,
        null,
        null,
        null
      ],
      "/Users/taylormartin/Desktop/Whats-For-Lunch/app/models/restaurant.rb": [
        null,
        null,
        null,
        null,
        null,
        null,
        null,
        null,
        null,
        null,
        null,
        null,
        null,
        1,
        1,
        1,
        null,
        1,
        15,
        15,
        6,
        6,
        null,
        null,
        1,
        null,
        4,
        4,
        0,
        0,
        null,
        null,
        4,
        4,
        4,
        null,
        null,
        1,
        null,
        11,
        null,
        null,
        null,
        null,
        null,
        null,
        null,
        null,
        null,
        1,
        62,
        62,
        null,
        null,
        1,
        5,
        5,
        null,
        null,
        1,
        0,
        0,
        null,
        null
      ],
      "/Users/taylormartin/Desktop/Whats-For-Lunch/spec/models/review_spec.rb": [
        1,
        null,
        1,
        null,
        1,
        3,
        3,
        3,
        null,
        null,
        null,
        null
      ],
      "/Users/taylormartin/Desktop/Whats-For-Lunch/app/models/review.rb": [
        null,
        null,
        null,
        null,
        null,
        null,
        null,
        null,
        null,
        null,
        null,
        null,
        1,
        1,
        1,
        1,
        1,
        null,
        null,
        null,
        null
      ],
      "/Users/taylormartin/Desktop/Whats-For-Lunch/spec/models/user_spec.rb": [
        1,
        null,
        1,
        null,
        1,
        1,
        null,
        null,
        1,
        3,
        1,
        1,
        1,
        1,
        null,
        null,
        null
      ],
      "/Users/taylormartin/Desktop/Whats-For-Lunch/app/controllers/home_controller.rb": [
        1,
        null,
        1,
        11,
        4,
        7,
        4,
        4,
        null,
        3,
        null,
        null,
        null,
        1,
        0,
        0,
        null,
        0,
        0,
        null,
        null,
        null,
        null
      ]
    },
    "timestamp": 1416346721
  }
}
